make all --print-data-base --no-builtin-variables --no-builtin-rules --question
# GNU Make 4.2.1
# Built for x86_64-pc-linux-gnu
# Copyright (C) 1988-2016 Free Software Foundation, Inc.
# License GPLv3+: GNU GPL version 3 or later <http://gnu.org/licenses/gpl.html>
# This is free software: you are free to change and redistribute it.
# There is NO WARRANTY, to the extent permitted by law.

# Make data base, printed on Wed Feb  9 10:55:40 2022

# Variables

# 'override' directive
GNUMAKEFLAGS := 
# automatic
<D = $(patsubst %/,%,$(dir $<))
# automatic
?F = $(notdir $?)
# environment
DESKTOP_SESSION = ubuntu
# default
.SHELLFLAGS := -c
# environment
XDG_SESSION_CLASS = user
# environment
SNAP_COMMON = /var/snap/code/common
# environment
XDG_SESSION_TYPE = x11
# environment
VSCODE_LOG_NATIVE = false
# automatic
?D = $(patsubst %/,%,$(dir $?))
# environment
IM_CONFIG_PHASE = 1
# automatic
@D = $(patsubst %/,%,$(dir $@))
# environment
XAUTHORITY = /run/user/1000/gdm/Xauthority
# environment
GDMSESSION = ubuntu
# environment
XMODIFIERS = @im=ibus
# makefile
CURDIR := /home/laura/university/project-work/distributed-cloud-gaming-pipeline/openGL-offscreen-rendering/headless-renderer
# makefile (from 'Makefile', line 39)
SHELL = /bin/sh
# makefile (from 'Makefile', line 45)
RM = /usr/bin/cmake -E remove -f
# environment
SNAP_DATA = /var/snap/code/87
# environment
VSCODE_NLS_CONFIG = {"locale":"en-us","availableLanguages":{},"_languagePackSupport":true}
# environment
JOURNAL_STREAM = 8:47836
# environment
XDG_CONFIG_DIRS = /etc/xdg/xdg-ubuntu:/etc/xdg
# environment
SNAP_INSTANCE_NAME = code
# environment
SNAP_ARCH = amd64
# makefile (from 'Makefile', line 54)
CMAKE_BINARY_DIR = /home/laura/university/project-work/distributed-cloud-gaming-pipeline/openGL-offscreen-rendering/headless-renderer
# makefile (from 'Makefile', line 1)
MAKEFILE_LIST :=  Makefile
# automatic
@F = $(notdir $@)
# environment
GIO_LAUNCHED_DESKTOP_FILE = /var/lib/snapd/desktop/applications/code_code.desktop
# environment
USERNAME = laura
# environment
MAKELEVEL := 0
# environment
MANDATORY_PATH = /usr/share/gconf/ubuntu.mandatory.path
# environment
XDG_DATA_DIRS = /usr/share/ubuntu:/home/laura/.local/share/flatpak/exports/share:/var/lib/flatpak/exports/share:/usr/local/share/:/usr/share/:/var/lib/snapd/desktop
# environment
DBUS_SESSION_BUS_ADDRESS = unix:path=/run/user/1000/bus
# environment
VSCODE_VERBOSE_LOGGING = true
# environment
_ = /snap/code/87/usr/share/code/code
# environment
MANAGERPID = 1643
# environment
LESSOPEN = | /usr/bin/lesspipe %s
# environment
LC_NAME = it_IT.UTF-8
# environment
VSCODE_CWD = /home/laura
# environment
GSETTINGS_SCHEMA_DIR = /snap/code/87/usr/share/glib-2.0/schemas
# default
MAKE_HOST := x86_64-pc-linux-gnu
# environment
PATH = /home/laura/.local/bin:/home/laura/anaconda3/condabin:/home/laura/.local/bin:/usr/local/sbin:/usr/local/bin:/usr/sbin:/usr/bin:/sbin:/bin:/usr/games:/usr/local/games:/snap/bin:/home/laura/.dotnet/tools:/home/laura/.dotnet/tools
# environment
GPG_AGENT_INFO = /run/user/1000/gnupg/S.gpg-agent:0:1
# environment
SESSION_MANAGER = local/laura-ThinkPad-T480:@/tmp/.ICE-unix/1912,unix/laura-ThinkPad-T480:/tmp/.ICE-unix/1912
# environment
XDG_RUNTIME_DIR = /run/user/1000
# environment
GDK_PIXBUF_MODULE_FILE = /home/laura/snap/code/common/.cache/gdk-pixbuf-loaders.cache
# environment
SNAP = /snap/code/87
# environment
SNAP_VERSION = d6ee99e4
# environment
XDG_MENU_PREFIX = gnome-
# environment
VSCODE_LOG_STACK = false
# environment
DISABLE_WAYLAND = 1
# environment
VSCODE_CRASH_REPORTER_START_OPTIONS = {"companyName":"Microsoft","productName":"VSCode","submitURL":"appcenter://code?aid=fba07a4d-84bd-4fc8-a125-9640fc8ce171&uid=f1b7aa70-7990-4495-9955-b81e54b29a42&iid=f1b7aa70-7990-4495-9955-b81e54b29a42&sid=f1b7aa70-7990-4495-9955-b81e54b29a42","uploadToServer":true}
# environment
INVOCATION_ID = 63bcd4d41fab44648c2b4f99caa98f73
# environment
GDK_PIXBUF_MODULEDIR = /snap/code/87/usr/lib/x86_64-linux-gnu/gdk-pixbuf-2.0/2.10.0/loaders
# default
.FEATURES := target-specific order-only second-expansion else-if shortest-stem undefine oneshell archives jobserver output-sync check-symlink load
# environment
LS_COLORS = 
# environment
XDG_SESSION_DESKTOP = ubuntu
# environment
SSH_AUTH_SOCK = /run/user/1000/keyring/ssh
# environment
GIO_LAUNCHED_DESKTOP_FILE_PID = 8673
# automatic
%F = $(notdir $%)
# environment
DISPLAY = :1
# environment
CONDA_EXE = /home/laura/anaconda3/bin/conda
# environment
VSCODE_PIPE_LOGGING = true
# environment
SNAP_INSTANCE_KEY = 
# environment
PWD = /home/laura/university/project-work/distributed-cloud-gaming-pipeline/openGL-offscreen-rendering/headless-renderer
# default
.LOADED := 
# environment
SSH_AGENT_PID = 1877
# environment
PKG_CONFIG_PATH = :/usr/lib/x86_64-linux-gnu/pkgconfig
# environment
ORIGINAL_XDG_CURRENT_DESKTOP = ubuntu:GNOME
# environment
GTK_MODULES = gail:atk-bridge
# environment
VSCODE_AMD_ENTRYPOINT = vs/workbench/services/extensions/node/extensionHostProcess
# environment
HOME = /home/laura
# environment
LESSCLOSE = /usr/bin/lesspipe %s %s
# environment
VSCODE_CLI = 1
# environment
VSCODE_CODE_CACHE_PATH = /home/laura/.config/Code/CachedData/d6ee99e4c045a6716e5c653d7da8e9ae6f5a8b03
# environment
LOGNAME = laura
# environment
APPLICATION_INSIGHTS_NO_DIAGNOSTIC_CHANNEL = 1
# makefile (from 'Makefile', line 48)
EQUALS = =
# environment
SNAP_LIBRARY_PATH = /var/lib/snapd/lib/gl:/var/lib/snapd/lib/gl32:/var/lib/snapd/void
# environment
SNAP_CONTEXT = IiqdSgwtR1rW_y2PrvBNwmt5_Ov3h8crgZuGukv4YXf1pX3cJZHS
# automatic
+F = $(notdir $+)
# environment
ELECTRON_NO_ATTACH_CONSOLE = 1
# environment
SNAP_USER_COMMON = /home/laura/snap/code/common
# environment
VSCODE_HANDLES_UNCAUGHT_ERRORS = true
# environment
GNOME_DESKTOP_SESSION_ID = this-is-deprecated
# automatic
^D = $(patsubst %/,%,$(dir $^))
# environment
LC_TIME = it_IT.UTF-8
# environment
SNAP_REAL_HOME = /home/laura
# default
MAKE = $(MAKE_COMMAND)
# default
MAKECMDGOALS := all
# environment
QT_IM_MODULE = ibus
# environment
SNAP_USER_DATA = /home/laura/snap/code/87
# environment
SHLVL = 0
# environment
GNOME_SHELL_SESSION_MODE = ubuntu
# environment
VSCODE_IPC_HOOK_EXTHOST = /run/user/1000/vscode-ipc-4d62db14-a803-41e8-bb53-838e90a728ab.sock
# default
MAKE_VERSION := 4.2.1
# environment
USER = laura
# environment
SNAP_REVISION = 87
# environment
LC_MONETARY = it_IT.UTF-8
# makefile
.DEFAULT_GOAL := default_target
# environment
XDG_CURRENT_DESKTOP = Unity
# makefile (from 'Makefile', line 51)
CMAKE_SOURCE_DIR = /home/laura/university/project-work/distributed-cloud-gaming-pipeline/openGL-offscreen-rendering/headless-renderer
# automatic
%D = $(patsubst %/,%,$(dir $%))
# environment
LC_TELEPHONE = it_IT.UTF-8
# environment
CONDA_SHLVL = 0
# default
MAKE_COMMAND := make
# default
.VARIABLES := 
# automatic
*F = $(notdir $*)
# environment
VSCODE_IPC_HOOK = /run/user/1000/vscode-c982cfa0-1.64.1-main.sock
# environment
BAMF_DESKTOP_FILE_HINT = /var/lib/snapd/desktop/applications/code_code.desktop
# makefile
MAKEFLAGS = pqrRs
# environment
MFLAGS = -pqrRs
# automatic
*D = $(patsubst %/,%,$(dir $*))
# environment
BREAKPAD_DUMP_LOCATION = /home/laura/.config/Code/exthost Crash Reports
# automatic
+D = $(patsubst %/,%,$(dir $+))
# environment
GDK_BACKEND = x11
# environment
LC_PAPER = it_IT.UTF-8
# environment
LC_IDENTIFICATION = it_IT.UTF-8
# environment
QT_ACCESSIBILITY = 1
# environment
DEFAULTS_PATH = /usr/share/gconf/ubuntu.default.path
# default
MAKEFILES := 
# environment
SNAP_COOKIE = IiqdSgwtR1rW_y2PrvBNwmt5_Ov3h8crgZuGukv4YXf1pX3cJZHS
# environment
LC_NUMERIC = it_IT.UTF-8
# automatic
<F = $(notdir $<)
# environment
ELECTRON_RUN_AS_NODE = 1
# environment
LC_MEASUREMENT = it_IT.UTF-8
# environment
SNAP_NAME = code
# environment
LC_ALL = C
# environment
CONDA_PYTHON_EXE = /home/laura/anaconda3/bin/python
# environment
GJS_DEBUG_TOPICS = JS ERROR;JS LOG
# makefile (from 'Makefile', line 42)
CMAKE_COMMAND = /usr/bin/cmake
# automatic
^F = $(notdir $^)
# makefile (from 'Makefile', line 21)
SUFFIXES = 
 
# environment
SNAP_REEXEC = 
# environment
_CE_M = 
# environment
CHROME_DESKTOP = code-url-handler.desktop
# environment
WINDOWPATH = 2
# default
.INCLUDE_DIRS = /usr/include /usr/local/include /usr/include
# environment
GJS_DEBUG_OUTPUT = stderr
# default
.RECIPEPREFIX := 
# environment
LC_ADDRESS = it_IT.UTF-8
# environment
LANG = C
# environment
VSCODE_PID = 8722
# environment
_CE_CONDA = 
# variable set hash-table stats:
# Load=144/1024=14%, Rehash=0, Collisions=26/178=15%

# Pattern-specific Variable Values

# No pattern-specific variable values.

# Directories

# . (device 66306, inode 7092836): 25 files, no impossibilities.

# 25 files, no impossibilities in 1 directories.

# Implicit Rules

%.hpux_make_needs_suffix_list:

# 1 implicit rules, 0 (0.0%) terminal.

# Files

cmake_force:
#  Phony target (prerequisite of .PHONY).
#  Implicit rule search has not been done.
#  File does not exist.
#  File has not been updated.

edit_cache:
#  Phony target (prerequisite of .PHONY).
#  Implicit rule search has not been done.
#  File does not exist.
#  File has not been updated.
#  recipe to execute (from 'Makefile', line 72):
	@$(CMAKE_COMMAND) -E cmake_echo_color --switch=$(COLOR) --cyan "No interactive CMake dialog available..."
	/usr/bin/cmake -E echo No\ interactive\ CMake\ dialog\ available.

graphics/ContextEGL.cpp.i:
#  Phony target (prerequisite of .PHONY).
#  Implicit rule search has not been done.
#  File does not exist.
#  File has not been updated.
#  recipe to execute (from 'Makefile', line 249):
	$(MAKE) -f CMakeFiles/main.dir/build.make CMakeFiles/main.dir/graphics/ContextEGL.cpp.i

graphics/ContextEGL.cpp.o:
#  Phony target (prerequisite of .PHONY).
#  Implicit rule search has not been done.
#  File does not exist.
#  File has not been updated.
#  recipe to execute (from 'Makefile', line 240):
	$(MAKE) -f CMakeFiles/main.dir/build.make CMakeFiles/main.dir/graphics/ContextEGL.cpp.o

Dragon.s: Dragon.cpp.s
#  Phony target (prerequisite of .PHONY).
#  Implicit rule search has not been done.
#  File does not exist.
#  File has not been updated.

GstRawFramesApp.s: GstRawFramesApp.cpp.s
#  Phony target (prerequisite of .PHONY).
#  Implicit rule search has not been done.
#  File does not exist.
#  File has not been updated.

all: cmake_check_build_system
#  Phony target (prerequisite of .PHONY).
#  Command line target.
#  Implicit rule search has not been done.
#  File does not exist.
#  File has been updated.
#  Needs to be updated (-q is set).
# variable set hash-table stats:
# Load=0/32=0%, Rehash=0, Collisions=0/6=0%
#  recipe to execute (from 'Makefile', line 83):
	$(CMAKE_COMMAND) -E cmake_progress_start /home/laura/university/project-work/distributed-cloud-gaming-pipeline/openGL-offscreen-rendering/headless-renderer/CMakeFiles /home/laura/university/project-work/distributed-cloud-gaming-pipeline/openGL-offscreen-rendering/headless-renderer/CMakeFiles/progress.marks
	$(MAKE) -f CMakeFiles/Makefile2 all
	$(CMAKE_COMMAND) -E cmake_progress_start /home/laura/university/project-work/distributed-cloud-gaming-pipeline/openGL-offscreen-rendering/headless-renderer/CMakeFiles 0

.PHONY: default_target cmake_force rebuild_cache rebuild_cache/fast edit_cache edit_cache/fast all clean clean/fast preinstall preinstall/fast depend main main/fast Dragon.o Dragon.cpp.o Dragon.i Dragon.cpp.i Dragon.s Dragon.cpp.s GstRawFramesApp.o GstRawFramesApp.cpp.o GstRawFramesApp.i GstRawFramesApp.cpp.i GstRawFramesApp.s GstRawFramesApp.cpp.s Render.o Render.cpp.o Render.i Render.cpp.i Render.s Render.cpp.s graphics/Camera.o graphics/Camera.cpp.o graphics/Camera.i graphics/Camera.cpp.i graphics/Camera.s graphics/Camera.cpp.s graphics/ContextEGL.o graphics/ContextEGL.cpp.o graphics/ContextEGL.i graphics/ContextEGL.cpp.i graphics/ContextEGL.s graphics/ContextEGL.cpp.s graphics/Mesh.o graphics/Mesh.cpp.o graphics/Mesh.i graphics/Mesh.cpp.i graphics/Mesh.s graphics/Mesh.cpp.s graphics/Model.o graphics/Model.cpp.o graphics/Model.i graphics/Model.cpp.i graphics/Model.s graphics/Model.cpp.s graphics/ShaderProgram.o graphics/ShaderProgram.cpp.o graphics/ShaderProgram.i graphics/ShaderProgram.cpp.i graphics/ShaderProgram.s graphics/ShaderProgram.cpp.s main.o main.cpp.o main.i main.cpp.i main.s main.cpp.s help cmake_check_build_system
#  Implicit rule search has not been done.
#  Modification time never checked.
#  File has not been updated.

main.s: main.cpp.s
#  Phony target (prerequisite of .PHONY).
#  Implicit rule search has not been done.
#  File does not exist.
#  File has not been updated.

preinstall/fast:
#  Phony target (prerequisite of .PHONY).
#  Implicit rule search has not been done.
#  File does not exist.
#  File has not been updated.
#  recipe to execute (from 'Makefile', line 105):
	$(MAKE) -f CMakeFiles/Makefile2 preinstall

graphics/ShaderProgram.cpp.i:
#  Phony target (prerequisite of .PHONY).
#  Implicit rule search has not been done.
#  File does not exist.
#  File has not been updated.
#  recipe to execute (from 'Makefile', line 330):
	$(MAKE) -f CMakeFiles/main.dir/build.make CMakeFiles/main.dir/graphics/ShaderProgram.cpp.i

graphics/Model.cpp.s:
#  Phony target (prerequisite of .PHONY).
#  Implicit rule search has not been done.
#  File does not exist.
#  File has not been updated.
#  recipe to execute (from 'Makefile', line 312):
	$(MAKE) -f CMakeFiles/main.dir/build.make CMakeFiles/main.dir/graphics/Model.cpp.s

graphics/ShaderProgram.s: graphics/ShaderProgram.cpp.s
#  Phony target (prerequisite of .PHONY).
#  Implicit rule search has not been done.
#  File does not exist.
#  File has not been updated.

.SUFFIXES: .hpux_make_needs_suffix_list
#  Implicit rule search has not been done.
#  Modification time never checked.
#  File has not been updated.

graphics/ShaderProgram.cpp.o:
#  Phony target (prerequisite of .PHONY).
#  Implicit rule search has not been done.
#  File does not exist.
#  File has not been updated.
#  recipe to execute (from 'Makefile', line 321):
	$(MAKE) -f CMakeFiles/main.dir/build.make CMakeFiles/main.dir/graphics/ShaderProgram.cpp.o

Render.s: Render.cpp.s
#  Phony target (prerequisite of .PHONY).
#  Implicit rule search has not been done.
#  File does not exist.
#  File has not been updated.

graphics/Model.i: graphics/Model.cpp.i
#  Phony target (prerequisite of .PHONY).
#  Implicit rule search has not been done.
#  File does not exist.
#  File has not been updated.

# Not a target:
Makefile:
#  Implicit rule search has been done.
#  Last modified 2022-02-06 18:21:40.376692692
#  File has been updated.
#  Successfully updated.

Dragon.cpp.i:
#  Phony target (prerequisite of .PHONY).
#  Implicit rule search has not been done.
#  File does not exist.
#  File has not been updated.
#  recipe to execute (from 'Makefile', line 141):
	$(MAKE) -f CMakeFiles/main.dir/build.make CMakeFiles/main.dir/Dragon.cpp.i

GstRawFramesApp.cpp.i:
#  Phony target (prerequisite of .PHONY).
#  Implicit rule search has not been done.
#  File does not exist.
#  File has not been updated.
#  recipe to execute (from 'Makefile', line 168):
	$(MAKE) -f CMakeFiles/main.dir/build.make CMakeFiles/main.dir/GstRawFramesApp.cpp.i

Dragon.cpp.o:
#  Phony target (prerequisite of .PHONY).
#  Implicit rule search has not been done.
#  File does not exist.
#  File has not been updated.
#  recipe to execute (from 'Makefile', line 132):
	$(MAKE) -f CMakeFiles/main.dir/build.make CMakeFiles/main.dir/Dragon.cpp.o

GstRawFramesApp.cpp.o:
#  Phony target (prerequisite of .PHONY).
#  Implicit rule search has not been done.
#  File does not exist.
#  File has not been updated.
#  recipe to execute (from 'Makefile', line 159):
	$(MAKE) -f CMakeFiles/main.dir/build.make CMakeFiles/main.dir/GstRawFramesApp.cpp.o

graphics/Mesh.cpp.s:
#  Phony target (prerequisite of .PHONY).
#  Implicit rule search has not been done.
#  File does not exist.
#  File has not been updated.
#  recipe to execute (from 'Makefile', line 285):
	$(MAKE) -f CMakeFiles/main.dir/build.make CMakeFiles/main.dir/graphics/Mesh.cpp.s

graphics/Camera.s: graphics/Camera.cpp.s
#  Phony target (prerequisite of .PHONY).
#  Implicit rule search has not been done.
#  File does not exist.
#  File has not been updated.

.NOTPARALLEL:
#  Implicit rule search has not been done.
#  Modification time never checked.
#  File has not been updated.

graphics/Mesh.i: graphics/Mesh.cpp.i
#  Phony target (prerequisite of .PHONY).
#  Implicit rule search has not been done.
#  File does not exist.
#  File has not been updated.

graphics/Mesh.o: graphics/Mesh.cpp.o
#  Phony target (prerequisite of .PHONY).
#  Implicit rule search has not been done.
#  File does not exist.
#  File has not been updated.

clean/fast: clean
#  Phony target (prerequisite of .PHONY).
#  Implicit rule search has not been done.
#  File does not exist.
#  File has not been updated.

main.cpp.i:
#  Phony target (prerequisite of .PHONY).
#  Implicit rule search has not been done.
#  File does not exist.
#  File has not been updated.
#  recipe to execute (from 'Makefile', line 357):
	$(MAKE) -f CMakeFiles/main.dir/build.make CMakeFiles/main.dir/main.cpp.i

main.cpp.o:
#  Phony target (prerequisite of .PHONY).
#  Implicit rule search has not been done.
#  File does not exist.
#  File has not been updated.
#  recipe to execute (from 'Makefile', line 348):
	$(MAKE) -f CMakeFiles/main.dir/build.make CMakeFiles/main.dir/main.cpp.o

graphics/Model.o: graphics/Model.cpp.o
#  Phony target (prerequisite of .PHONY).
#  Implicit rule search has not been done.
#  File does not exist.
#  File has not been updated.

cmake_check_build_system:
#  Phony target (prerequisite of .PHONY).
#  Implicit rule search has not been done.
#  Implicit/static pattern stem: ''
#  File does not exist.
#  File has been updated.
#  Needs to be updated (-q is set).
# automatic
# @ := cmake_check_build_system
# automatic
# % := 
# automatic
# * := 
# automatic
# + := 
# automatic
# | := 
# automatic
# < := 
# automatic
# ^ := 
# automatic
# ? := 
# variable set hash-table stats:
 
# Load=8/32=25%, Rehash=0, Collisions=3/14=21%
#  recipe to execute (from 'Makefile', line 416):
	$(CMAKE_COMMAND) -S$(CMAKE_SOURCE_DIR) -B$(CMAKE_BINARY_DIR) --check-build-system CMakeFiles/Makefile.cmake 0

graphics/ContextEGL.cpp.s:
#  Phony target (prerequisite of .PHONY).
#  Implicit rule search has not been done.
#  File does not exist.
#  File has not been updated.
#  recipe to execute (from 'Makefile', line 258):
	$(MAKE) -f CMakeFiles/main.dir/build.make CMakeFiles/main.dir/graphics/ContextEGL.cpp.s

help:
#  Phony target (prerequisite of .PHONY).
#  Implicit rule search has not been done.
#  File does not exist.
#  File has not been updated.
#  recipe to execute (from 'Makefile', line 371):
	@echo "The following are some of the valid targets for this Makefile:"
	@echo "... all (the default if no target is provided)"
	@echo "... clean"
	@echo "... depend"
	@echo "... rebuild_cache"
	@echo "... edit_cache"
	@echo "... main"
	@echo "... Dragon.o"
	@echo "... Dragon.i"
	@echo "... Dragon.s"
	@echo "... GstRawFramesApp.o"
	@echo "... GstRawFramesApp.i"
	@echo "... GstRawFramesApp.s"
	@echo "... Render.o"
	@echo "... Render.i"
	@echo "... Render.s"
	@echo "... graphics/Camera.o"
	@echo "... graphics/Camera.i"
	@echo "... graphics/Camera.s"
	@echo "... graphics/ContextEGL.o"
	@echo "... graphics/ContextEGL.i"
	@echo "... graphics/ContextEGL.s"
	@echo "... graphics/Mesh.o"
	@echo "... graphics/Mesh.i"
	@echo "... graphics/Mesh.s"
	@echo "... graphics/Model.o"
	@echo "... graphics/Model.i"
	@echo "... graphics/Model.s"
	@echo "... graphics/ShaderProgram.o"
	@echo "... graphics/ShaderProgram.i"
	@echo "... graphics/ShaderProgram.s"
	@echo "... main.o"
	@echo "... main.i"
	@echo "... main.s"

Render.cpp.i:
#  Phony target (prerequisite of .PHONY).
#  Implicit rule search has not been done.
#  File does not exist.
#  File has not been updated.
#  recipe to execute (from 'Makefile', line 195):
	$(MAKE) -f CMakeFiles/main.dir/build.make CMakeFiles/main.dir/Render.cpp.i

Render.cpp.o:
#  Phony target (prerequisite of .PHONY).
#  Implicit rule search has not been done.
#  File does not exist.
#  File has not been updated.
#  recipe to execute (from 'Makefile', line 186):
	$(MAKE) -f CMakeFiles/main.dir/build.make CMakeFiles/main.dir/Render.cpp.o

preinstall: all
#  Phony target (prerequisite of .PHONY).
#  Implicit rule search has not been done.
#  File does not exist.
#  File has not been updated.
#  recipe to execute (from 'Makefile', line 100):
	$(MAKE) -f CMakeFiles/Makefile2 preinstall

graphics/ContextEGL.i: graphics/ContextEGL.cpp.i
#  Phony target (prerequisite of .PHONY).
#  Implicit rule search has not been done.
#  File does not exist.
#  File has not been updated.

graphics/Camera.cpp.i:
#  Phony target (prerequisite of .PHONY).
#  Implicit rule search has not been done.
#  File does not exist.
#  File has not been updated.
#  recipe to execute (from 'Makefile', line 222):
	$(MAKE) -f CMakeFiles/main.dir/build.make CMakeFiles/main.dir/graphics/Camera.cpp.i

graphics/ContextEGL.o: graphics/ContextEGL.cpp.o
#  Phony target (prerequisite of .PHONY).
#  Implicit rule search has not been done.
#  File does not exist.
#  File has not been updated.

graphics/Camera.cpp.o:
#  Phony target (prerequisite of .PHONY).
#  Implicit rule search has not been done.
#  File does not exist.
#  File has not been updated.
#  recipe to execute (from 'Makefile', line 213):
	$(MAKE) -f CMakeFiles/main.dir/build.make CMakeFiles/main.dir/graphics/Camera.cpp.o

main/fast:
#  Phony target (prerequisite of .PHONY).
#  Implicit rule search has not been done.
#  File does not exist.
#  File has not been updated.
#  recipe to execute (from 'Makefile', line 123):
	$(MAKE) -f CMakeFiles/main.dir/build.make CMakeFiles/main.dir/build

.SILENT:
#  Implicit rule search has not been done.
#  Modification time never checked.
#  File has not been updated.

depend:
#  Phony target (prerequisite of .PHONY).
#  Implicit rule search has not been done.
#  File does not exist.
#  File has not been updated.
#  recipe to execute (from 'Makefile', line 110):
	$(CMAKE_COMMAND) -S$(CMAKE_SOURCE_DIR) -B$(CMAKE_BINARY_DIR) --check-build-system CMakeFiles/Makefile.cmake 1

# Not a target:
.DEFAULT:
#  Implicit rule search has not been done.
#  Modification time never checked.
#  File has not been updated.

default_target: all
#  Phony target (prerequisite of .PHONY).
#  Implicit rule search has not been done.
#  File does not exist.
#  File has not been updated.

graphics/ShaderProgram.cpp.s:
#  Phony target (prerequisite of .PHONY).
#  Implicit rule search has not been done.
#  File does not exist.
#  File has not been updated.
#  recipe to execute (from 'Makefile', line 339):
	$(MAKE) -f CMakeFiles/main.dir/build.make CMakeFiles/main.dir/graphics/ShaderProgram.cpp.s

graphics/Model.s: graphics/Model.cpp.s
#  Phony target (prerequisite of .PHONY).
#  Implicit rule search has not been done.
#  File does not exist.
#  File has not been updated.

Dragon.cpp.s:
#  Phony target (prerequisite of .PHONY).
#  Implicit rule search has not been done.
#  File does not exist.
#  File has not been updated.
#  recipe to execute (from 'Makefile', line 150):
	$(MAKE) -f CMakeFiles/main.dir/build.make CMakeFiles/main.dir/Dragon.cpp.s

GstRawFramesApp.cpp.s:
#  Phony target (prerequisite of .PHONY).
#  Implicit rule search has not been done.
#  File does not exist.
#  File has not been updated.
#  recipe to execute (from 'Makefile', line 177):
	$(MAKE) -f CMakeFiles/main.dir/build.make CMakeFiles/main.dir/GstRawFramesApp.cpp.s

clean:
#  Phony target (prerequisite of .PHONY).
#  Implicit rule search has not been done.
#  File does not exist.
#  File has not been updated.
#  recipe to execute (from 'Makefile', line 90):
	$(MAKE) -f CMakeFiles/Makefile2 clean

graphics/ShaderProgram.i: graphics/ShaderProgram.cpp.i
#  Phony target (prerequisite of .PHONY).
#  Implicit rule search has not been done.
#  File does not exist.
#  File has not been updated.

graphics/ShaderProgram.o: graphics/ShaderProgram.cpp.o
#  Phony target (prerequisite of .PHONY).
#  Implicit rule search has not been done.
#  File does not exist.
#  File has not been updated.

rebuild_cache/fast: rebuild_cache
#  Phony target (prerequisite of .PHONY).
#  Implicit rule search has not been done.
#  File does not exist.
#  File has not been updated.

Dragon.i: Dragon.cpp.i
#  Phony target (prerequisite of .PHONY).
#  Implicit rule search has not been done.
#  File does not exist.
#  File has not been updated.

edit_cache/fast: edit_cache
#  Phony target (prerequisite of .PHONY).
#  Implicit rule search has not been done.
#  File does not exist.
#  File has not been updated.

GstRawFramesApp.i: GstRawFramesApp.cpp.i
#  Phony target (prerequisite of .PHONY).
#  Implicit rule search has not been done.
#  File does not exist.
#  File has not been updated.

Dragon.o: Dragon.cpp.o
#  Phony target (prerequisite of .PHONY).
#  Implicit rule search has not been done.
#  File does not exist.
#  File has not been updated.

GstRawFramesApp.o: GstRawFramesApp.cpp.o
#  Phony target (prerequisite of .PHONY).
#  Implicit rule search has not been done.
#  File does not exist.
#  File has not been updated.

graphics/Mesh.s: graphics/Mesh.cpp.s
#  Phony target (prerequisite of .PHONY).
#  Implicit rule search has not been done.
#  File does not exist.
#  File has not been updated.

main.cpp.s:
#  Phony target (prerequisite of .PHONY).
#  Implicit rule search has not been done.
#  File does not exist.
#  File has not been updated.
#  recipe to execute (from 'Makefile', line 366):
	$(MAKE) -f CMakeFiles/main.dir/build.make CMakeFiles/main.dir/main.cpp.s

main.i: main.cpp.i
#  Phony target (prerequisite of .PHONY).
#  Implicit rule search has not been done.
#  File does not exist.
#  File has not been updated.

main: cmake_check_build_system
#  Phony target (prerequisite of .PHONY).
#  Implicit rule search has not been done.
#  File does not exist.
#  File has not been updated.
#  recipe to execute (from 'Makefile', line 118):
	$(MAKE) -f CMakeFiles/Makefile2 main

main.o: main.cpp.o
#  Phony target (prerequisite of .PHONY).
#  Implicit rule search has not been done.
#  File does not exist.
#  File has not been updated.

Render.cpp.s:
#  Phony target (prerequisite of .PHONY).
#  Implicit rule search has not been done.
#  File does not exist.
#  File has not been updated.
#  recipe to execute (from 'Makefile', line 204):
	$(MAKE) -f CMakeFiles/main.dir/build.make CMakeFiles/main.dir/Render.cpp.s

graphics/Model.cpp.i:
#  Phony target (prerequisite of .PHONY).
#  Implicit rule search has not been done.
#  File does not exist.
#  File has not been updated.
#  recipe to execute (from 'Makefile', line 303):
	$(MAKE) -f CMakeFiles/main.dir/build.make CMakeFiles/main.dir/graphics/Model.cpp.i

graphics/Model.cpp.o:
#  Phony target (prerequisite of .PHONY).
#  Implicit rule search has not been done.
#  File does not exist.
#  File has not been updated.
#  recipe to execute (from 'Makefile', line 294):
	$(MAKE) -f CMakeFiles/main.dir/build.make CMakeFiles/main.dir/graphics/Model.cpp.o

# Not a target:
 
.hpux_make_needs_suffix_list:
#  Implicit rule search has not been done.
#  Modification time never checked.
#  File has not been updated.

graphics/ContextEGL.s: graphics/ContextEGL.cpp.s
#  Phony target (prerequisite of .PHONY).
#  Implicit rule search has not been done.
#  File does not exist.
#  File has not been updated.

graphics/Camera.cpp.s:
#  Phony target (prerequisite of .PHONY).
#  Implicit rule search has not been done.
#  File does not exist.
#  File has not been updated.
#  recipe to execute (from 'Makefile', line 231):
	$(MAKE) -f CMakeFiles/main.dir/build.make CMakeFiles/main.dir/graphics/Camera.cpp.s

Render.i: Render.cpp.i
#  Phony target (prerequisite of .PHONY).
#  Implicit rule search has not been done.
#  File does not exist.
#  File has not been updated.

Render.o: Render.cpp.o
#  Phony target (prerequisite of .PHONY).
#  Implicit rule search has not been done.
#  File does not exist.
#  File has not been updated.

graphics/Mesh.cpp.i:
#  Phony target (prerequisite of .PHONY).
#  Implicit rule search has not been done.
#  File does not exist.
#  File has not been updated.
#  recipe to execute (from 'Makefile', line 276):
	$(MAKE) -f CMakeFiles/main.dir/build.make CMakeFiles/main.dir/graphics/Mesh.cpp.i

graphics/Mesh.cpp.o:
#  Phony target (prerequisite of .PHONY).
#  Implicit rule search has not been done.
#  File does not exist.
#  File has not been updated.
#  recipe to execute (from 'Makefile', line 267):
	$(MAKE) -f CMakeFiles/main.dir/build.make CMakeFiles/main.dir/graphics/Mesh.cpp.o

graphics/Camera.i: graphics/Camera.cpp.i
#  Phony target (prerequisite of .PHONY).
#  Implicit rule search has not been done.
#  File does not exist.
#  File has not been updated.

graphics/Camera.o: graphics/Camera.cpp.o
#  Phony target (prerequisite of .PHONY).
#  Implicit rule search has not been done.
#  File does not exist.
#  File has not been updated.

rebuild_cache:
#  Phony target (prerequisite of .PHONY).
#  Implicit rule search has not been done.
#  File does not exist.
#  File has not been updated.
#  recipe to execute (from 'Makefile', line 61):
	@$(CMAKE_COMMAND) -E cmake_echo_color --switch=$(COLOR) --cyan "Running CMake to regenerate build system..."
	/usr/bin/cmake -S$(CMAKE_SOURCE_DIR) -B$(CMAKE_BINARY_DIR)

# files hash-table stats:
# Load=77/1024=8%, Rehash=0, Collisions=16/293=5%
# VPATH Search Paths

# No 'vpath' search paths.

# No general ('VPATH' variable) search path.

# strcache buffers: 1 (0) / strings = 103 / storage = 1535 B / avg = 14 B
# current buf: size = 8162 B / used = 1535 B / count = 103 / avg = 14 B

# strcache performance: lookups = 429 / hit rate = 75%
# hash-table stats:
# Load=103/8192=1%, Rehash=0, Collisions=2/429=0%
# Finished Make data base on Wed Feb  9 10:55:40 2022

 
